2025-02-26 11:53:54,136 [INFO] Activator:176 - 


2025-02-26 11:53:54,139 [INFO] Activator:177 - !SESSION log4j initialized
2025-02-26 11:53:57,804 [INFO] LogOutputStream:77 - [STDOUT_REDIRECT] 
2025-02-26 11:53:59,648 [INFO] ApplicationProperties:184 - Using Application install path: C:\ST\STM32CubeIDE_1.17.0\STM32CubeIDE\plugins\com.st.stm32cube.common.mx_6.13.0.202411220809
2025-02-26 11:53:59,679 [INFO] DbMcusXml:78 - Set database path to: C:\ST\STM32CubeIDE_1.17.0\STM32CubeIDE\plugins\com.st.stm32cube.common.mx_6.13.0.202411220809\\db\/mcu/
2025-02-26 11:53:59,679 [INFO] ApiDb:274 - Set plugin database path to: C:\ST\STM32CubeIDE_1.17.0\STM32CubeIDE\plugins\com.st.stm32cube.common.mx_6.13.0.202411220809\\db\/plugins/boardmanager/
2025-02-26 11:53:59,681 [WARN] ApiDb:259 - Overriding images path with different value:  => C:\ST\STM32CubeIDE_1.17.0\STM32CubeIDE\plugins\com.st.stm32cube.common.mx_6.13.0.202411220809\\db\/plugins/mcufinder/images/
2025-02-26 11:53:59,691 [INFO] ApiDb:250 - Set database path to: C:\Users\Asus\.stmcufinder\plugins\mcufinder//mcu/
2025-02-26 11:53:59,694 [INFO] DbMcusAds:125 - Set database path to: C:\Users\Asus\.stmcufinder\plugins\mcufinder//mcu/
2025-02-26 11:53:59,699 [INFO] CrossReferenceDbSqlite:203 - Set database path to: C:\Users\Asus\.stmcufinder\plugins\mcufinder//mcu/cs/
2025-02-26 11:53:59,881 [INFO] RulesReader:64 - Compatibility file has been processed (297 Rules)
2025-02-26 11:53:59,988 [INFO] DbMcusXml:78 - Set database path to: C:\ST\STM32CubeIDE_1.17.0\STM32CubeIDE\plugins\com.st.stm32cube.common.mx_6.13.0.202411220809\\db\/mcu/
2025-02-26 11:53:59,988 [INFO] ApiDb:274 - Set plugin database path to: C:\ST\STM32CubeIDE_1.17.0\STM32CubeIDE\plugins\com.st.stm32cube.common.mx_6.13.0.202411220809\\db\/plugins/boardmanager/
2025-02-26 11:53:59,989 [INFO] ApiDb:261 - Set plugin images path to: C:\ST\STM32CubeIDE_1.17.0\STM32CubeIDE\plugins\com.st.stm32cube.common.mx_6.13.0.202411220809\\db\/plugins/mcufinder/images/
2025-02-26 11:53:59,989 [WARN] DbFile:41 - Overriding database path with different value: C:\Users\Asus\.stmcufinder\plugins\mcufinder/ => C:\Users\Asus\.stmcufinder\plugins\mcufinder
2025-02-26 11:53:59,989 [INFO] ApiDb:250 - Set database path to: C:\Users\Asus\.stmcufinder\plugins\mcufinder//mcu/
2025-02-26 11:53:59,989 [WARN] DbFile:41 - Overriding database path with different value: C:\Users\Asus\.stmcufinder\plugins\mcufinder/ => C:\Users\Asus\.stmcufinder\plugins\mcufinder
2025-02-26 11:53:59,989 [INFO] DbMcusAds:125 - Set database path to: C:\Users\Asus\.stmcufinder\plugins\mcufinder//mcu/
2025-02-26 11:53:59,989 [WARN] DbFile:41 - Overriding database path with different value: C:\Users\Asus\.stmcufinder\plugins\mcufinder/ => C:\Users\Asus\.stmcufinder\plugins\mcufinder
2025-02-26 11:53:59,989 [WARN] DbFile:41 - Overriding database path with different value: C:\Users\Asus\.stmcufinder\plugins\mcufinder/ => C:\Users\Asus\.stmcufinder\plugins\mcufinder
2025-02-26 11:53:59,990 [INFO] CrossReferenceDbSqlite:203 - Set database path to: C:\Users\Asus\.stmcufinder\plugins\mcufinder//mcu/cs/
2025-02-26 11:54:00,094 [INFO] MainPanel:272 - HeapMemory: 268435456
2025-02-26 11:54:00,261 [INFO] DbMcusXml:78 - Set database path to: C:\ST\STM32CubeIDE_1.17.0\STM32CubeIDE\plugins\com.st.stm32cube.common.mx_6.13.0.202411220809\\db\/mcu/
2025-02-26 11:54:00,261 [INFO] ApiDb:274 - Set plugin database path to: C:\ST\STM32CubeIDE_1.17.0\STM32CubeIDE\plugins\com.st.stm32cube.common.mx_6.13.0.202411220809\\db\/plugins/boardmanager/
2025-02-26 11:54:00,261 [INFO] ApiDb:261 - Set plugin images path to: C:\ST\STM32CubeIDE_1.17.0\STM32CubeIDE\plugins\com.st.stm32cube.common.mx_6.13.0.202411220809\\db\/plugins/mcufinder/images/
2025-02-26 11:54:00,261 [WARN] DbFile:41 - Overriding database path with different value: C:\Users\Asus\.stmcufinder\plugins\mcufinder/ => C:\Users\Asus\.stmcufinder\plugins\mcufinder
2025-02-26 11:54:00,261 [INFO] ApiDb:250 - Set database path to: C:\Users\Asus\.stmcufinder\plugins\mcufinder//mcu/
2025-02-26 11:54:00,262 [WARN] DbFile:41 - Overriding database path with different value: C:\Users\Asus\.stmcufinder\plugins\mcufinder/ => C:\Users\Asus\.stmcufinder\plugins\mcufinder
2025-02-26 11:54:00,262 [INFO] DbMcusAds:125 - Set database path to: C:\Users\Asus\.stmcufinder\plugins\mcufinder//mcu/
2025-02-26 11:54:00,262 [WARN] DbFile:41 - Overriding database path with different value: C:\Users\Asus\.stmcufinder\plugins\mcufinder/ => C:\Users\Asus\.stmcufinder\plugins\mcufinder
2025-02-26 11:54:00,262 [WARN] DbFile:41 - Overriding database path with different value: C:\Users\Asus\.stmcufinder\plugins\mcufinder/ => C:\Users\Asus\.stmcufinder\plugins\mcufinder
2025-02-26 11:54:00,262 [INFO] CrossReferenceDbSqlite:203 - Set database path to: C:\Users\Asus\.stmcufinder\plugins\mcufinder//mcu/cs/
2025-02-26 11:54:00,293 [INFO] ApplicationProperties:184 - Using Application install path: C:\ST\STM32CubeIDE_1.17.0\STM32CubeIDE\plugins\com.st.stm32cube.common.mx_6.13.0.202411220809
2025-02-26 11:54:00,294 [INFO] PluginManage:196 - Search for loadable plugins [exclusion list=, ]
2025-02-26 11:54:00,296 [INFO] PluginManage:310 - Check plugin analytics
2025-02-26 11:54:00,499 [INFO] AnalyticsPlugin:253 - Accepted Software Licenses: 
2025-02-26 11:54:00,501 [INFO] AnalyticsPlugin:255 - Accepted CMSIS Pack Licenses: 
2025-02-26 11:54:00,501 [INFO] AnalyticsPlugin:257 - Accepted Firmware Licenses: FW.F4.1.28.0
2025-02-26 11:54:00,503 [INFO] PluginManage:359 - Loaded plugin analytics (category:tool,tabindex:-1)
2025-02-26 11:54:00,504 [INFO] PluginManage:310 - Check plugin cadmodel
2025-02-26 11:54:00,509 [INFO] CADModel:105 - Init CAD model plugin
2025-02-26 11:54:00,509 [INFO] PluginManage:359 - Loaded plugin cadmodel (category:power,tabindex:5)
2025-02-26 11:54:00,509 [INFO] PluginManage:310 - Check plugin clock
2025-02-26 11:54:00,519 [INFO] PluginManage:359 - Loaded plugin clock (category:base,tabindex:2)
2025-02-26 11:54:00,519 [INFO] PluginManage:310 - Check plugin ddr
2025-02-26 11:54:00,523 [INFO] PluginManage:359 - Loaded plugin ddr (category:tool,tabindex:6)
2025-02-26 11:54:00,523 [INFO] PluginManage:310 - Check plugin filemanager
2025-02-26 11:54:00,740 [INFO] PluginManage:359 - Loaded plugin filemanager (category:base,tabindex:10)
2025-02-26 11:54:00,741 [INFO] PluginManage:310 - Check plugin ipmanager
2025-02-26 11:54:00,748 [INFO] PluginManage:359 - Loaded plugin ipmanager (category:base,tabindex:5)
2025-02-26 11:54:00,748 [INFO] PluginManage:310 - Check plugin lpbam
2025-02-26 11:54:00,759 [INFO] PluginManage:359 - Loaded plugin lpbam (category:base,tabindex:0)
2025-02-26 11:54:00,759 [INFO] PluginManage:310 - Check plugin memorymap
2025-02-26 11:54:00,775 [INFO] PluginManage:359 - Loaded plugin memorymap (category:base,tabindex:4)
2025-02-26 11:54:00,775 [INFO] PluginManage:310 - Check plugin pinoutandconfiguration
2025-02-26 11:54:00,783 [INFO] PluginManage:359 - Loaded plugin pinoutandconfiguration (category:base,tabindex:1)
2025-02-26 11:54:00,783 [INFO] PluginManage:310 - Check plugin pinoutconfig
2025-02-26 11:54:00,894 [WARN] SupportedApi:132 - Cannot load RTOS API schema: s4s-elt-must-match.1: The content of 'definitions' must match (annotation?, (simpleType | complexType)?, (unique | key | keyref)*)). A problem was found starting at: attribute.
2025-02-26 11:54:01,036 [INFO] PluginManage:359 - Loaded plugin pinoutconfig (category:base,tabindex:0)
2025-02-26 11:54:01,036 [INFO] PluginManage:310 - Check plugin power
2025-02-26 11:54:01,053 [INFO] PluginManage:359 - Loaded plugin power (category:power,tabindex:4)
2025-02-26 11:54:01,053 [INFO] PluginManage:310 - Check plugin projectmanager
2025-02-26 11:54:01,078 [INFO] PluginManage:359 - Loaded plugin projectmanager (category:projectmanager,tabindex:4)
2025-02-26 11:54:01,078 [INFO] PluginManage:310 - Check plugin rif
2025-02-26 11:54:01,090 [INFO] PluginManage:359 - Loaded plugin rif (category:base,tabindex:3)
2025-02-26 11:54:01,090 [INFO] PluginManage:310 - Check plugin thirdparty
2025-02-26 11:54:01,288 [INFO] PluginManage:359 - Loaded plugin thirdparty (category:base,tabindex:-1)
2025-02-26 11:54:01,288 [WARN] IntegrityCheckThread:84 - waiting for thirdparty lock release [integrity check]
2025-02-26 11:54:01,288 [INFO] IntegrityCheckThread:86 - entering critical section [integrity check]
2025-02-26 11:54:01,288 [INFO] PluginManage:310 - Check plugin tools
2025-02-26 11:54:01,290 [INFO] ThirdPartyUpdaterWithRetryManager:70 - Updater plugin not ready yet. [1/15]
2025-02-26 11:54:01,291 [INFO] PluginManage:359 - Loaded plugin tools (category:base,tabindex:7)
2025-02-26 11:54:01,291 [INFO] PluginManage:310 - Check plugin tutovideos
2025-02-26 11:54:01,506 [INFO] PluginManage:359 - Loaded plugin tutovideos (category:base,tabindex:-1)
2025-02-26 11:54:01,507 [INFO] PluginManage:310 - Check plugin updater
2025-02-26 11:54:01,529 [INFO] PluginManage:359 - Loaded plugin updater (category:base,tabindex:12)
2025-02-26 11:54:01,529 [INFO] PluginManage:310 - Check plugin userauth
2025-02-26 11:54:01,533 [INFO] UserAuth:118 - Init User Auth plugin
2025-02-26 11:54:01,534 [INFO] PluginManage:359 - Loaded plugin userauth (category:base,tabindex:14)
2025-02-26 11:54:01,535 [INFO] PluginManage:283 - PluginManage : Loaded plugins [18]
2025-02-26 11:54:01,813 [INFO] PinOutPanel:1589 - setPackage(No Configuration,No Configuration)
2025-02-26 11:54:01,908 [INFO] CADModel:165 - CPN selected for project level
2025-02-26 11:54:01,910 [INFO] CADModel:114 - Register for checkConnection events
2025-02-26 11:54:01,928 [INFO] IPUIPlugin:80 - create IPUIPlugin
2025-02-26 11:54:01,928 [INFO] PluginManager:220 - loadIPPluginJar : add adc
2025-02-26 11:54:01,931 [INFO] IPUIPlugin:80 - create IPUIPlugin
2025-02-26 11:54:01,931 [INFO] PluginManager:220 - loadIPPluginJar : add aes
2025-02-26 11:54:01,934 [INFO] IPUIPlugin:80 - create IPUIPlugin
2025-02-26 11:54:01,934 [INFO] PluginManager:220 - loadIPPluginJar : add can
2025-02-26 11:54:01,937 [INFO] IPUIPlugin:80 - create IPUIPlugin
2025-02-26 11:54:01,937 [INFO] PluginManager:220 - loadIPPluginJar : add comp
2025-02-26 11:54:01,939 [INFO] IPUIPlugin:80 - create IPUIPlugin
2025-02-26 11:54:01,939 [INFO] PluginManager:220 - loadIPPluginJar : add cryp
2025-02-26 11:54:01,943 [INFO] IPUIPlugin:80 - create IPUIPlugin
2025-02-26 11:54:01,943 [INFO] PluginManager:220 - loadIPPluginJar : add ddr_ctrl_phy
2025-02-26 11:54:01,945 [INFO] IPUIPlugin:80 - create IPUIPlugin
2025-02-26 11:54:01,945 [INFO] PluginManager:220 - loadIPPluginJar : add dfsdm
2025-02-26 11:54:01,950 [INFO] IPUIPlugin:80 - create IPUIPlugin
2025-02-26 11:54:01,951 [INFO] PluginManager:220 - loadIPPluginJar : add dma
2025-02-26 11:54:01,954 [INFO] IPUIPlugin:80 - create IPUIPlugin
2025-02-26 11:54:01,954 [INFO] PluginManager:220 - loadIPPluginJar : add dma3
2025-02-26 11:54:01,957 [INFO] IPUIPlugin:80 - create IPUIPlugin
2025-02-26 11:54:01,957 [INFO] PluginManager:220 - loadIPPluginJar : add extmemmanager
2025-02-26 11:54:01,960 [INFO] IPUIPlugin:80 - create IPUIPlugin
2025-02-26 11:54:01,960 [INFO] PluginManager:220 - loadIPPluginJar : add fatfs
2025-02-26 11:54:01,965 [INFO] IPUIPlugin:80 - create IPUIPlugin
2025-02-26 11:54:01,965 [INFO] PluginManager:220 - loadIPPluginJar : add fmc
2025-02-26 11:54:01,978 [INFO] IPUIPlugin:80 - create IPUIPlugin
2025-02-26 11:54:01,979 [INFO] PluginManager:220 - loadIPPluginJar : add freertos
2025-02-26 11:54:01,980 [INFO] IPUIPlugin:80 - create IPUIPlugin
2025-02-26 11:54:01,980 [INFO] PluginManager:220 - loadIPPluginJar : add genericplugin
2025-02-26 11:54:01,982 [INFO] IPUIPlugin:80 - create IPUIPlugin
2025-02-26 11:54:01,983 [INFO] PluginManager:220 - loadIPPluginJar : add gfxmmu
2025-02-26 11:54:01,988 [INFO] IPUIPlugin:80 - create IPUIPlugin
2025-02-26 11:54:01,988 [INFO] PluginManager:220 - loadIPPluginJar : add gic
2025-02-26 11:54:01,993 [INFO] IPUIPlugin:80 - create IPUIPlugin
2025-02-26 11:54:01,993 [INFO] PluginManager:220 - loadIPPluginJar : add gpio
2025-02-26 11:54:01,995 [INFO] IPUIPlugin:80 - create IPUIPlugin
2025-02-26 11:54:01,995 [INFO] PluginManager:220 - loadIPPluginJar : add gtzc
2025-02-26 11:54:01,997 [INFO] IPUIPlugin:80 - create IPUIPlugin
2025-02-26 11:54:01,999 [INFO] PluginManager:220 - loadIPPluginJar : add hash
2025-02-26 11:54:02,002 [INFO] IPUIPlugin:80 - create IPUIPlugin
2025-02-26 11:54:02,003 [INFO] PluginManager:220 - loadIPPluginJar : add i2c
2025-02-26 11:54:02,006 [INFO] IPUIPlugin:80 - create IPUIPlugin
2025-02-26 11:54:02,006 [INFO] PluginManager:220 - loadIPPluginJar : add i2s
2025-02-26 11:54:02,009 [INFO] IPUIPlugin:80 - create IPUIPlugin
2025-02-26 11:54:02,009 [INFO] PluginManager:220 - loadIPPluginJar : add i3c
2025-02-26 11:54:02,015 [INFO] IPUIPlugin:80 - create IPUIPlugin
2025-02-26 11:54:02,015 [INFO] PluginManager:220 - loadIPPluginJar : add ipddr
2025-02-26 11:54:02,023 [INFO] IPUIPlugin:80 - create IPUIPlugin
2025-02-26 11:54:02,024 [INFO] PluginManager:220 - loadIPPluginJar : add linkedlist
2025-02-26 11:54:02,029 [INFO] IPUIPlugin:80 - create IPUIPlugin
2025-02-26 11:54:02,029 [INFO] PluginManager:220 - loadIPPluginJar : add lorawan
2025-02-26 11:54:02,031 [INFO] IPUIPlugin:80 - create IPUIPlugin
2025-02-26 11:54:02,031 [INFO] PluginManager:220 - loadIPPluginJar : add ltdc
2025-02-26 11:54:02,038 [INFO] IPUIPlugin:80 - create IPUIPlugin
2025-02-26 11:54:02,038 [INFO] PluginManager:220 - loadIPPluginJar : add mdma
2025-02-26 11:54:02,041 [INFO] IPUIPlugin:80 - create IPUIPlugin
2025-02-26 11:54:02,041 [INFO] PluginManager:220 - loadIPPluginJar : add nvic
2025-02-26 11:54:02,043 [INFO] IPUIPlugin:80 - create IPUIPlugin
2025-02-26 11:54:02,045 [INFO] PluginManager:220 - loadIPPluginJar : add opamp
2025-02-26 11:54:02,047 [INFO] IPUIPlugin:80 - create IPUIPlugin
2025-02-26 11:54:02,047 [INFO] PluginManager:220 - loadIPPluginJar : add openamp
2025-02-26 11:54:02,050 [INFO] IPUIPlugin:80 - create IPUIPlugin
2025-02-26 11:54:02,050 [INFO] PluginManager:220 - loadIPPluginJar : add pdm2pcm
2025-02-26 11:54:02,057 [INFO] IPUIPlugin:80 - create IPUIPlugin
2025-02-26 11:54:02,059 [INFO] PluginManager:220 - loadIPPluginJar : add plateformsettings
2025-02-26 11:54:02,062 [INFO] IPUIPlugin:80 - create IPUIPlugin
2025-02-26 11:54:02,062 [INFO] PluginManager:220 - loadIPPluginJar : add quadspi
2025-02-26 11:54:02,063 [INFO] IPUIPlugin:80 - create IPUIPlugin
2025-02-26 11:54:02,064 [INFO] PluginManager:220 - loadIPPluginJar : add radio
2025-02-26 11:54:02,066 [INFO] IPUIPlugin:80 - create IPUIPlugin
2025-02-26 11:54:02,067 [INFO] PluginManager:220 - loadIPPluginJar : add resmgrutility
2025-02-26 11:54:02,071 [INFO] IPUIPlugin:80 - create IPUIPlugin
2025-02-26 11:54:02,071 [INFO] PluginManager:220 - loadIPPluginJar : add sai
2025-02-26 11:54:02,074 [INFO] IPUIPlugin:80 - create IPUIPlugin
2025-02-26 11:54:02,074 [INFO] PluginManager:220 - loadIPPluginJar : add spi
2025-02-26 11:54:02,078 [INFO] IPUIPlugin:80 - create IPUIPlugin
2025-02-26 11:54:02,078 [INFO] PluginManager:220 - loadIPPluginJar : add stm32_wpan
2025-02-26 11:54:02,079 [INFO] IPUIPlugin:80 - create IPUIPlugin
2025-02-26 11:54:02,079 [INFO] PluginManager:220 - loadIPPluginJar : add tim
2025-02-26 11:54:02,081 [INFO] IPUIPlugin:80 - create IPUIPlugin
2025-02-26 11:54:02,081 [INFO] PluginManager:220 - loadIPPluginJar : add touchsensing
2025-02-26 11:54:02,084 [INFO] IPUIPlugin:80 - create IPUIPlugin
2025-02-26 11:54:02,084 [INFO] PluginManager:220 - loadIPPluginJar : add tracer_emb
2025-02-26 11:54:02,086 [INFO] IPUIPlugin:80 - create IPUIPlugin
2025-02-26 11:54:02,086 [INFO] PluginManager:220 - loadIPPluginJar : add ts
2025-02-26 11:54:02,087 [INFO] IPUIPlugin:80 - create IPUIPlugin
2025-02-26 11:54:02,087 [INFO] PluginManager:220 - loadIPPluginJar : add tsc
2025-02-26 11:54:02,089 [INFO] IPUIPlugin:80 - create IPUIPlugin
2025-02-26 11:54:02,089 [INFO] PluginManager:220 - loadIPPluginJar : add ucpd
2025-02-26 11:54:02,091 [INFO] IPUIPlugin:80 - create IPUIPlugin
2025-02-26 11:54:02,091 [INFO] PluginManager:220 - loadIPPluginJar : add usart
2025-02-26 11:54:02,094 [INFO] IPUIPlugin:80 - create IPUIPlugin
2025-02-26 11:54:02,095 [INFO] PluginManager:220 - loadIPPluginJar : add usbx
2025-02-26 11:54:02,226 [FATAL] Updater:351 - Updater called before beeing initialized
2025-02-26 11:54:02,254 [INFO] RulesReader:64 - Compatibility file has been processed (297 Rules)
2025-02-26 11:54:02,266 [INFO] RulesReader:64 - Compatibility file has been processed (297 Rules)
2025-02-26 11:54:02,278 [INFO] CADModel:165 - CPN selected for project level
2025-02-26 11:54:02,278 [INFO] CADModel:114 - Register for checkConnection events
2025-02-26 11:54:02,278 [FATAL] Updater:351 - Updater called before beeing initialized
2025-02-26 11:54:02,278 [ERROR] CADModel:125 - Updater not yet initialized, retry later 
2025-02-26 11:54:02,477 [FATAL] Updater:351 - Updater called before beeing initialized
2025-02-26 11:54:02,479 [INFO] CADModel:165 - CPN selected for project level
2025-02-26 11:54:02,479 [INFO] CADModel:114 - Register for checkConnection events
2025-02-26 11:54:02,479 [FATAL] Updater:351 - Updater called before beeing initialized
2025-02-26 11:54:02,479 [ERROR] CADModel:125 - Updater not yet initialized, retry later 
2025-02-26 11:54:02,482 [FATAL] Updater:351 - Updater called before beeing initialized
2025-02-26 11:54:02,599 [FATAL] Updater:351 - Updater called before beeing initialized
2025-02-26 11:54:02,604 [INFO] DbMcusAds:53 - JSON generation date=Tue Dec 17 21:31:15 IST 2024 (1734451275111)
2025-02-26 11:54:02,604 [FATAL] Updater:351 - Updater called before beeing initialized
2025-02-26 11:54:02,640 [WARN] DetailPanel:346 - Failed to get advertising image, set to default
2025-02-26 11:54:02,901 [FATAL] Updater:351 - Updater called before beeing initialized
2025-02-26 11:54:02,903 [FATAL] Updater:351 - Updater called before beeing initialized
2025-02-26 11:54:02,903 [FATAL] Updater:351 - Updater called before beeing initialized
2025-02-26 11:54:02,904 [WARN] DetailPanel:346 - Failed to get advertising image, set to default
2025-02-26 11:54:02,907 [FATAL] Updater:351 - Updater called before beeing initialized
2025-02-26 11:54:03,030 [ERROR] Updater:1198 - MainUpdater not yet initialized. External WinMGr cannot be set.
2025-02-26 11:54:03,036 [INFO] Updater:1134 - Updater Version found : 6.13.0
2025-02-26 11:54:03,073 [INFO] ApplicationProperties:184 - Using Application install path: C:\ST\STM32CubeIDE_1.17.0\STM32CubeIDE\plugins\com.st.stm32cube.common.mx_6.13.0.202411220809
2025-02-26 11:54:03,990 [INFO] MainUpdater:2872 - connection check result : 10
2025-02-26 11:54:03,992 [INFO] MainUpdater:289 - Updater Check For Update Now.
2025-02-26 11:54:03,992 [INFO] MicroXplorer:498 - Change Database Version : DB.6.0.130
2025-02-26 11:54:04,004 [INFO] McuFinderGlobals:63 - Set McuFinder mode to 2 (CubeIDE integrated)
2025-02-26 11:54:04,006 [INFO] UserAuth:486 - Internet connection configuration mode: 1
2025-02-26 11:54:04,098 [INFO] JxBrowserEngine:152 - Initiate JxBrowser Engine with user profile folder
2025-02-26 11:54:04,243 [INFO] CheckServerUpdateThread:120 - End of CheckServer Thread
2025-02-26 11:54:04,509 [WARN] PackLoader:240 - Cannot read IP mode file for STMicroelectronics.FP-SNS-MOTENVWB1.1.4.0
2025-02-26 11:54:04,531 [WARN] PackLoader:240 - Cannot read IP mode file for STMicroelectronics.X-CUBE-SMBUS.2.1.0
2025-02-26 11:54:04,546 [WARN] PackLoader:240 - Cannot read IP mode file for STMicroelectronics.X-CUBE-WB05N.1.1.0
2025-02-26 11:54:04,606 [WARN] PackLoader:240 - Cannot read IP mode file for STMicroelectronics.X-CUBE-AZRTOS-F7.1.1.0
2025-02-26 11:54:04,617 [WARN] PackLoader:240 - Cannot read IP mode file for STMicroelectronics.FP-SNS-FLIGHT1.5.0.2
2025-02-26 11:54:04,656 [WARN] PackLoader:240 - Cannot read IP mode file for Infineon.AIROC-Wi-Fi-Bluetooth-STM32.1.7.0
2025-02-26 11:54:04,679 [WARN] PackLoader:240 - Cannot read IP mode file for STMicroelectronics.X-CUBE-DISPLAY.3.0.0
2025-02-26 11:54:04,696 [WARN] PackLoader:240 - Cannot read IP mode file for STMicroelectronics.X-CUBE-BLE1.7.0.0
2025-02-26 11:54:04,710 [WARN] PackLoader:240 - Cannot read IP mode file for STMicroelectronics.X-CUBE-NFC10.1.0.0
2025-02-26 11:54:04,727 [WARN] PackLoader:240 - Cannot read IP mode file for STMicroelectronics.X-CUBE-BLEMGR.4.0.0
2025-02-26 11:54:04,747 [WARN] PackLoader:240 - Cannot read IP mode file for emotas.I-CUBE-CANOPEN.1.3.0
2025-02-26 11:54:04,821 [WARN] PackLoader:240 - Cannot read IP mode file for STMicroelectronics.X-CUBE-AI.10.0.0
2025-02-26 11:54:04,859 [WARN] PackLoader:240 - Cannot read IP mode file for STMicroelectronics.FP-SNS-SMARTAG2.1.2.0
2025-02-26 11:54:04,916 [WARN] PackLoader:240 - Cannot read IP mode file for STMicroelectronics.X-CUBE-MEMS1.11.1.0
2025-02-26 11:54:05,060 [INFO] LogOutputStream:77 - [STDOUT_REDIRECT] 1 : Invalid condition id : UX_CORESTACK_Condition cause : null
2025-02-26 11:54:05,062 [INFO] LogOutputStream:77 - [STDOUT_REDIRECT] 1 : Invalid condition id : UX_CORESTACK_Condition cause : null
2025-02-26 11:54:05,064 [INFO] LogOutputStream:77 - [STDOUT_REDIRECT] 1 : Invalid condition id : UX_CORESTACK_Condition cause : null
2025-02-26 11:54:05,067 [INFO] LogOutputStream:77 - [STDOUT_REDIRECT] 1 : Invalid condition id : UX_CORESTACK_Condition cause : null
2025-02-26 11:54:05,070 [INFO] LogOutputStream:77 - [STDOUT_REDIRECT] 1 : Invalid condition id : UX_CORESTACK_Condition cause : null
2025-02-26 11:54:05,073 [WARN] PackLoader:240 - Cannot read IP mode file for STMicroelectronics.X-CUBE-AZRTOS-WL.2.0.0
2025-02-26 11:54:05,081 [WARN] PackLoader:240 - Cannot read IP mode file for STMicroelectronics.FP-SNS-MOTENV1.5.0.0
2025-02-26 11:54:05,089 [WARN] PackLoader:240 - Cannot read IP mode file for wolfSSL.I-CUBE-wolfMQTT.1.19.0
2025-02-26 11:54:05,103 [WARN] PackLoader:240 - Cannot read IP mode file for WES.I-CUBE-Cesium.1.3.0
2025-02-26 11:54:05,111 [WARN] PackLoader:240 - Cannot read IP mode file for STMicroelectronics.X-CUBE-BLE2.3.3.0
2025-02-26 11:54:05,121 [WARN] PackLoader:240 - Cannot read IP mode file for STMicroelectronics.X-CUBE-NFC9.1.0.0
2025-02-26 11:54:05,239 [WARN] PackLoader:240 - Cannot read IP mode file for STMicroelectronics.X-CUBE-AZRTOS-G0.1.1.0
2025-02-26 11:54:05,250 [WARN] PackLoader:240 - Cannot read IP mode file for STMicroelectronics.X-CUBE-SAFEA1.1.2.2
2025-02-26 11:54:05,259 [WARN] PackLoader:240 - Cannot read IP mode file for STMicroelectronics.X-CUBE-NFC4.3.0.0
2025-02-26 11:54:05,276 [WARN] PackLoader:240 - Cannot read IP mode file for EmbeddedOffice.I-CUBE-FS-RTOS.1.0.1
2025-02-26 11:54:05,288 [WARN] PackLoader:240 - Cannot read IP mode file for STMicroelectronics.X-CUBE-TCPP.4.2.0
2025-02-26 11:54:05,298 [WARN] PackLoader:240 - Cannot read IP mode file for RealThread.X-CUBE-RT-Thread_Nano.4.1.1
2025-02-26 11:54:05,306 [WARN] PackLoader:240 - Cannot read IP mode file for STMicroelectronics.FP-ATR-SIGFOX1.3.2.0
2025-02-26 11:54:05,312 [WARN] ConditionMgr:438 - getConditionDescription Invalid condition id : Cortex-A Device cause : null
2025-02-26 11:54:05,335 [WARN] ConditionMgr:1044 - genDependencies : Invalid condition id : Cortex-A Device cause : null
2025-02-26 11:54:05,335 [WARN] ConditionMgr:1044 - genDependencies : Invalid condition id : Cortex-A Device cause : null
2025-02-26 11:54:05,335 [WARN] ConditionMgr:1044 - genDependencies : Invalid condition id : Cortex-A Device cause : null
2025-02-26 11:54:05,342 [WARN] PackLoader:240 - Cannot read IP mode file for STMicroelectronics.X-CUBE-EEPRMA1.5.1.0
2025-02-26 11:54:05,347 [WARN] PackLoader:240 - Cannot read IP mode file for wolfSSL.I-CUBE-wolfSSL.5.7.4
2025-02-26 11:54:05,353 [WARN] PackLoader:240 - Cannot read IP mode file for ITTIA_DB.I-CUBE-ITTIADB.8.9.0
2025-02-26 11:54:05,374 [WARN] PackLoader:240 - Cannot read IP mode file for SEGGER.I-CUBE-embOS.1.3.1
2025-02-26 11:54:05,418 [WARN] PackLoader:240 - Cannot read IP mode file for STMicroelectronics.X-CUBE-ALGOBUILD.1.4.0
2025-02-26 11:54:05,426 [WARN] PackLoader:240 - Cannot read IP mode file for STMicroelectronics.X-CUBE-AI.9.1.0
2025-02-26 11:54:05,465 [WARN] PackLoader:240 - Cannot read IP mode file for STMicroelectronics.X-CUBE-AZRTOS-F4.1.1.0
2025-02-26 11:54:05,477 [WARN] PackLoader:240 - Cannot read IP mode file for STMicroelectronics.X-CUBE-ISPU.2.1.0
2025-02-26 11:54:05,498 [WARN] PackLoader:240 - Cannot read IP mode file for STMicroelectronics.X-CUBE-AZRTOS-L5.2.0.0
2025-02-26 11:54:05,510 [WARN] PackLoader:240 - Cannot read IP mode file for STMicroelectronics.X-CUBE-NFC6.3.1.0
2025-02-26 11:54:05,518 [WARN] PackLoader:240 - Cannot read IP mode file for STMicroelectronics.X-CUBE-DPower.1.2.0
2025-02-26 11:54:05,524 [WARN] PackLoader:240 - Cannot read IP mode file for STMicroelectronics.X-CUBE-FREERTOS.1.3.0
2025-02-26 11:54:05,528 [WARN] PackLoader:240 - Cannot read IP mode file for STMicroelectronics.X-CUBE-NFC7.1.0.1
2025-02-26 11:54:05,545 [WARN] ConditionMgr:438 - getConditionDescription Invalid condition id : LAN8742 Phy interface Condition cause : null
2025-02-26 11:54:05,545 [WARN] PackLoader:240 - Cannot read IP mode file for STMicroelectronics.X-CUBE-AZRTOS-L4.2.0.0
2025-02-26 11:54:05,547 [WARN] ConditionMgr:1044 - genDependencies : Invalid condition id : LAN8742 Phy interface Condition cause : null
2025-02-26 11:54:05,547 [WARN] ConditionMgr:1044 - genDependencies : Invalid condition id : LAN8742 Phy interface Condition cause : null
2025-02-26 11:54:05,547 [WARN] ConditionMgr:1044 - genDependencies : Invalid condition id : LAN8742 Phy interface Condition cause : null
2025-02-26 11:54:05,555 [WARN] PackLoader:240 - Cannot read IP mode file for STMicroelectronics.X-CUBE-SFXS2LP1.4.0.0
2025-02-26 11:54:05,572 [WARN] PackLoader:240 - Cannot read IP mode file for STMicroelectronics.X-CUBE-AZRTOS-H7.3.3.0
2025-02-26 11:54:05,585 [WARN] ConditionMgr:438 - getConditionDescription Invalid condition id : UX DEVICE CLASS RTOS Condition cause : null
2025-02-26 11:54:05,585 [WARN] ConditionMgr:438 - getConditionDescription Invalid condition id : UX DEVICE CLASS RTOS Condition cause : null
2025-02-26 11:54:05,587 [WARN] PackLoader:240 - Cannot read IP mode file for STMicroelectronics.X-CUBE-AZRTOS-WB.2.0.0
2025-02-26 11:54:05,588 [WARN] ConditionMgr:1044 - genDependencies : Invalid condition id : UX DEVICE CLASS RTOS Condition cause : null
2025-02-26 11:54:05,588 [WARN] ConditionMgr:1044 - genDependencies : Invalid condition id : UX DEVICE CLASS RTOS Condition cause : null
2025-02-26 11:54:05,588 [WARN] ConditionMgr:1044 - genDependencies : Invalid condition id : UX DEVICE CLASS RTOS Condition cause : null
2025-02-26 11:54:05,588 [WARN] ConditionMgr:1044 - genDependencies : Invalid condition id : UX DEVICE CLASS RTOS Condition cause : null
2025-02-26 11:54:05,588 [WARN] ConditionMgr:1044 - genDependencies : Invalid condition id : UX DEVICE CLASS RTOS Condition cause : null
2025-02-26 11:54:05,593 [WARN] PackLoader:240 - Cannot read IP mode file for STMicroelectronics.X-CUBE-GNSS1.7.0.1
2025-02-26 11:54:05,599 [WARN] PackLoader:240 - Cannot read IP mode file for STMicroelectronics.FP-SNS-STBOX1.2.0.0
2025-02-26 11:54:05,613 [WARN] PackLoader:240 - Cannot read IP mode file for STMicroelectronics.X-CUBE-SUBG2.5.0.0
2025-02-26 11:54:05,624 [WARN] PackLoader:240 - Cannot read IP mode file for Cesanta.I-CUBE-Mongoose.7.13.0
2025-02-26 11:54:05,637 [WARN] PackLoader:240 - Cannot read IP mode file for STMicroelectronics.X-CUBE-AZRTOS-G4.2.0.0
2025-02-26 11:54:05,647 [WARN] PackLoader:240 - Cannot read IP mode file for STMicroelectronics.X-CUBE-IPS.3.1.0
2025-02-26 11:54:05,657 [WARN] PackLoader:240 - Cannot read IP mode file for STMicroelectronics.X-CUBE-ALS.1.0.2
2025-02-26 11:54:05,663 [WARN] PackLoader:240 - Cannot read IP mode file for STMicroelectronics.X-CUBE-TOUCHGFX.4.24.2
2025-02-26 11:54:05,670 [WARN] PackLoader:240 - Cannot read IP mode file for wolfSSL.I-CUBE-wolfTPM.3.4.0
2025-02-26 11:54:05,675 [WARN] PackLoader:240 - Cannot read IP mode file for portGmbH.I-Cube-SoM-uGOAL.1.1.0
2025-02-26 11:54:05,699 [WARN] PackLoader:240 - Cannot read IP mode file for STMicroelectronics.X-CUBE-AZRTOS-H7RS.1.0.0
2025-02-26 11:54:05,709 [WARN] PackLoader:240 - Cannot read IP mode file for STMicroelectronics.X-CUBE-TOF1.3.4.2
2025-02-26 11:54:05,719 [WARN] PackLoader:240 - Cannot read IP mode file for wolfSSL.I-CUBE-wolfSSH.1.4.17
2025-02-26 11:54:05,721 [INFO] ThirdParty:978 - Integrity check success = true
2025-02-26 11:54:05,721 [INFO] IntegrityCheckThread:100 - exiting critical section [integrity check]
2025-02-26 11:54:05,721 [INFO] IntegrityCheckThread:103 - End integrity checks thread
2025-02-26 11:54:05,761 [INFO] WebApp:168 - Instantiating new browser for Auth
2025-02-26 11:54:06,627 [INFO] WebApp:449 - Apply proxy settings
2025-02-26 11:54:06,627 [INFO] WebApp:534 - Chromium requires no authentication
2025-02-26 11:54:06,638 [INFO] WebApp:477 - Direct internet connection detected
2025-02-26 11:54:06,665 [INFO] WebApp:880 - Register for checkConnection events
2025-02-26 11:54:06,665 [INFO] WebApp:449 - Apply proxy settings
2025-02-26 11:54:06,666 [INFO] WebApp:534 - Chromium requires no authentication
2025-02-26 11:54:06,666 [INFO] WebApp:477 - Direct internet connection detected
2025-02-26 11:54:06,927 [INFO] WebApp:221 - Starting web application
2025-02-26 11:54:06,927 [INFO] WebApp:579 - Web application path used C:\ST\STM32CubeIDE_1.17.0\STM32CubeIDE\plugins\com.st.stm32cube.common.mx_6.13.0.202411220809\db\plugins\mcufinder\reactClient1\index.html
2025-02-26 11:54:07,071 [INFO] UserAuth:486 - Internet connection configuration mode: 1
2025-02-26 11:54:07,326 [INFO] WebApp:187 - Connection restablished
2025-02-26 11:55:36,421 [ERROR] LogOutputStream:75 - [STDERR_REDIRECT] 
2025-02-26 11:55:48,105 [INFO] Activator:176 - 


2025-02-26 11:55:48,107 [INFO] Activator:177 - !SESSION log4j initialized
2025-02-26 11:55:51,926 [INFO] LogOutputStream:77 - [STDOUT_REDIRECT] 
2025-02-26 11:55:53,810 [INFO] ApplicationProperties:184 - Using Application install path: C:\ST\STM32CubeIDE_1.17.0\STM32CubeIDE\plugins\com.st.stm32cube.common.mx_6.13.0.202411220809
2025-02-26 11:55:53,830 [INFO] DbMcusXml:78 - Set database path to: C:\ST\STM32CubeIDE_1.17.0\STM32CubeIDE\plugins\com.st.stm32cube.common.mx_6.13.0.202411220809\\db\/mcu/
2025-02-26 11:55:53,830 [INFO] ApiDb:274 - Set plugin database path to: C:\ST\STM32CubeIDE_1.17.0\STM32CubeIDE\plugins\com.st.stm32cube.common.mx_6.13.0.202411220809\\db\/plugins/boardmanager/
2025-02-26 11:55:53,830 [WARN] ApiDb:259 - Overriding images path with different value:  => C:\ST\STM32CubeIDE_1.17.0\STM32CubeIDE\plugins\com.st.stm32cube.common.mx_6.13.0.202411220809\\db\/plugins/mcufinder/images/
2025-02-26 11:55:53,836 [INFO] ApiDb:250 - Set database path to: C:\Users\Asus\.stmcufinder\plugins\mcufinder//mcu/
2025-02-26 11:55:53,836 [INFO] DbMcusAds:125 - Set database path to: C:\Users\Asus\.stmcufinder\plugins\mcufinder//mcu/
2025-02-26 11:55:53,840 [INFO] CrossReferenceDbSqlite:203 - Set database path to: C:\Users\Asus\.stmcufinder\plugins\mcufinder//mcu/cs/
2025-02-26 11:55:53,972 [INFO] RulesReader:64 - Compatibility file has been processed (297 Rules)
2025-02-26 11:55:54,060 [INFO] DbMcusXml:78 - Set database path to: C:\ST\STM32CubeIDE_1.17.0\STM32CubeIDE\plugins\com.st.stm32cube.common.mx_6.13.0.202411220809\\db\/mcu/
2025-02-26 11:55:54,061 [INFO] ApiDb:274 - Set plugin database path to: C:\ST\STM32CubeIDE_1.17.0\STM32CubeIDE\plugins\com.st.stm32cube.common.mx_6.13.0.202411220809\\db\/plugins/boardmanager/
2025-02-26 11:55:54,061 [INFO] ApiDb:261 - Set plugin images path to: C:\ST\STM32CubeIDE_1.17.0\STM32CubeIDE\plugins\com.st.stm32cube.common.mx_6.13.0.202411220809\\db\/plugins/mcufinder/images/
2025-02-26 11:55:54,061 [WARN] DbFile:41 - Overriding database path with different value: C:\Users\Asus\.stmcufinder\plugins\mcufinder/ => C:\Users\Asus\.stmcufinder\plugins\mcufinder
2025-02-26 11:55:54,061 [INFO] ApiDb:250 - Set database path to: C:\Users\Asus\.stmcufinder\plugins\mcufinder//mcu/
2025-02-26 11:55:54,061 [WARN] DbFile:41 - Overriding database path with different value: C:\Users\Asus\.stmcufinder\plugins\mcufinder/ => C:\Users\Asus\.stmcufinder\plugins\mcufinder
2025-02-26 11:55:54,061 [INFO] DbMcusAds:125 - Set database path to: C:\Users\Asus\.stmcufinder\plugins\mcufinder//mcu/
2025-02-26 11:55:54,063 [WARN] DbFile:41 - Overriding database path with different value: C:\Users\Asus\.stmcufinder\plugins\mcufinder/ => C:\Users\Asus\.stmcufinder\plugins\mcufinder
2025-02-26 11:55:54,063 [WARN] DbFile:41 - Overriding database path with different value: C:\Users\Asus\.stmcufinder\plugins\mcufinder/ => C:\Users\Asus\.stmcufinder\plugins\mcufinder
2025-02-26 11:55:54,063 [INFO] CrossReferenceDbSqlite:203 - Set database path to: C:\Users\Asus\.stmcufinder\plugins\mcufinder//mcu/cs/
2025-02-26 11:55:54,141 [INFO] MainPanel:272 - HeapMemory: 268435456
2025-02-26 11:55:54,237 [INFO] DbMcusXml:78 - Set database path to: C:\ST\STM32CubeIDE_1.17.0\STM32CubeIDE\plugins\com.st.stm32cube.common.mx_6.13.0.202411220809\\db\/mcu/
2025-02-26 11:55:54,237 [INFO] ApiDb:274 - Set plugin database path to: C:\ST\STM32CubeIDE_1.17.0\STM32CubeIDE\plugins\com.st.stm32cube.common.mx_6.13.0.202411220809\\db\/plugins/boardmanager/
2025-02-26 11:55:54,237 [INFO] ApiDb:261 - Set plugin images path to: C:\ST\STM32CubeIDE_1.17.0\STM32CubeIDE\plugins\com.st.stm32cube.common.mx_6.13.0.202411220809\\db\/plugins/mcufinder/images/
2025-02-26 11:55:54,238 [WARN] DbFile:41 - Overriding database path with different value: C:\Users\Asus\.stmcufinder\plugins\mcufinder/ => C:\Users\Asus\.stmcufinder\plugins\mcufinder
2025-02-26 11:55:54,238 [INFO] ApiDb:250 - Set database path to: C:\Users\Asus\.stmcufinder\plugins\mcufinder//mcu/
2025-02-26 11:55:54,238 [WARN] DbFile:41 - Overriding database path with different value: C:\Users\Asus\.stmcufinder\plugins\mcufinder/ => C:\Users\Asus\.stmcufinder\plugins\mcufinder
2025-02-26 11:55:54,238 [INFO] DbMcusAds:125 - Set database path to: C:\Users\Asus\.stmcufinder\plugins\mcufinder//mcu/
2025-02-26 11:55:54,238 [WARN] DbFile:41 - Overriding database path with different value: C:\Users\Asus\.stmcufinder\plugins\mcufinder/ => C:\Users\Asus\.stmcufinder\plugins\mcufinder
2025-02-26 11:55:54,238 [WARN] DbFile:41 - Overriding database path with different value: C:\Users\Asus\.stmcufinder\plugins\mcufinder/ => C:\Users\Asus\.stmcufinder\plugins\mcufinder
2025-02-26 11:55:54,239 [INFO] CrossReferenceDbSqlite:203 - Set database path to: C:\Users\Asus\.stmcufinder\plugins\mcufinder//mcu/cs/
2025-02-26 11:55:54,259 [INFO] ApplicationProperties:184 - Using Application install path: C:\ST\STM32CubeIDE_1.17.0\STM32CubeIDE\plugins\com.st.stm32cube.common.mx_6.13.0.202411220809
2025-02-26 11:55:54,261 [INFO] PluginManage:196 - Search for loadable plugins [exclusion list=, ]
2025-02-26 11:55:54,262 [INFO] PluginManage:310 - Check plugin analytics
2025-02-26 11:55:54,492 [INFO] AnalyticsPlugin:253 - Accepted Software Licenses: 
2025-02-26 11:55:54,492 [INFO] AnalyticsPlugin:255 - Accepted CMSIS Pack Licenses: 
2025-02-26 11:55:54,493 [INFO] AnalyticsPlugin:257 - Accepted Firmware Licenses: FW.F4.1.28.0
2025-02-26 11:55:54,495 [INFO] PluginManage:359 - Loaded plugin analytics (category:tool,tabindex:-1)
2025-02-26 11:55:54,495 [INFO] PluginManage:310 - Check plugin cadmodel
2025-02-26 11:55:54,500 [INFO] CADModel:105 - Init CAD model plugin
2025-02-26 11:55:54,501 [INFO] PluginManage:359 - Loaded plugin cadmodel (category:power,tabindex:5)
2025-02-26 11:55:54,501 [INFO] PluginManage:310 - Check plugin clock
2025-02-26 11:55:54,511 [INFO] PluginManage:359 - Loaded plugin clock (category:base,tabindex:2)
2025-02-26 11:55:54,511 [INFO] PluginManage:310 - Check plugin ddr
2025-02-26 11:55:54,512 [INFO] PluginManage:359 - Loaded plugin ddr (category:tool,tabindex:6)
2025-02-26 11:55:54,514 [INFO] PluginManage:310 - Check plugin filemanager
2025-02-26 11:55:54,675 [INFO] PluginManage:359 - Loaded plugin filemanager (category:base,tabindex:10)
2025-02-26 11:55:54,675 [INFO] PluginManage:310 - Check plugin ipmanager
2025-02-26 11:55:54,686 [INFO] PluginManage:359 - Loaded plugin ipmanager (category:base,tabindex:5)
2025-02-26 11:55:54,687 [INFO] PluginManage:310 - Check plugin lpbam
2025-02-26 11:55:54,724 [INFO] PluginManage:359 - Loaded plugin lpbam (category:base,tabindex:0)
2025-02-26 11:55:54,725 [INFO] PluginManage:310 - Check plugin memorymap
2025-02-26 11:55:54,742 [INFO] PluginManage:359 - Loaded plugin memorymap (category:base,tabindex:4)
2025-02-26 11:55:54,742 [INFO] PluginManage:310 - Check plugin pinoutandconfiguration
2025-02-26 11:55:54,761 [INFO] PluginManage:359 - Loaded plugin pinoutandconfiguration (category:base,tabindex:1)
2025-02-26 11:55:54,761 [INFO] PluginManage:310 - Check plugin pinoutconfig
2025-02-26 11:55:54,886 [WARN] SupportedApi:132 - Cannot load RTOS API schema: s4s-elt-must-match.1: The content of 'definitions' must match (annotation?, (simpleType | complexType)?, (unique | key | keyref)*)). A problem was found starting at: attribute.
2025-02-26 11:55:55,051 [INFO] PluginManage:359 - Loaded plugin pinoutconfig (category:base,tabindex:0)
2025-02-26 11:55:55,051 [INFO] PluginManage:310 - Check plugin power
2025-02-26 11:55:55,063 [INFO] PluginManage:359 - Loaded plugin power (category:power,tabindex:4)
2025-02-26 11:55:55,063 [INFO] PluginManage:310 - Check plugin projectmanager
2025-02-26 11:55:55,083 [INFO] PluginManage:359 - Loaded plugin projectmanager (category:projectmanager,tabindex:4)
2025-02-26 11:55:55,083 [INFO] PluginManage:310 - Check plugin rif
2025-02-26 11:55:55,091 [INFO] PluginManage:359 - Loaded plugin rif (category:base,tabindex:3)
2025-02-26 11:55:55,092 [INFO] PluginManage:310 - Check plugin thirdparty
2025-02-26 11:55:55,212 [INFO] PluginManage:359 - Loaded plugin thirdparty (category:base,tabindex:-1)
2025-02-26 11:55:55,212 [INFO] PluginManage:310 - Check plugin tools
2025-02-26 11:55:55,212 [WARN] IntegrityCheckThread:84 - waiting for thirdparty lock release [integrity check]
2025-02-26 11:55:55,213 [INFO] IntegrityCheckThread:86 - entering critical section [integrity check]
2025-02-26 11:55:55,213 [INFO] ThirdPartyUpdaterWithRetryManager:70 - Updater plugin not ready yet. [1/15]
2025-02-26 11:55:55,216 [INFO] PluginManage:359 - Loaded plugin tools (category:base,tabindex:7)
2025-02-26 11:55:55,216 [INFO] PluginManage:310 - Check plugin tutovideos
2025-02-26 11:55:55,365 [INFO] PluginManage:359 - Loaded plugin tutovideos (category:base,tabindex:-1)
2025-02-26 11:55:55,365 [INFO] PluginManage:310 - Check plugin updater
2025-02-26 11:55:55,387 [INFO] PluginManage:359 - Loaded plugin updater (category:base,tabindex:12)
2025-02-26 11:55:55,387 [INFO] PluginManage:310 - Check plugin userauth
2025-02-26 11:55:55,391 [INFO] UserAuth:118 - Init User Auth plugin
2025-02-26 11:55:55,392 [INFO] PluginManage:359 - Loaded plugin userauth (category:base,tabindex:14)
2025-02-26 11:55:55,393 [INFO] PluginManage:283 - PluginManage : Loaded plugins [18]
2025-02-26 11:55:55,605 [INFO] PinOutPanel:1589 - setPackage(No Configuration,No Configuration)
2025-02-26 11:55:55,679 [INFO] CADModel:165 - CPN selected for project level
2025-02-26 11:55:55,679 [INFO] CADModel:114 - Register for checkConnection events
2025-02-26 11:55:55,692 [INFO] IPUIPlugin:80 - create IPUIPlugin
2025-02-26 11:55:55,694 [INFO] PluginManager:220 - loadIPPluginJar : add adc
2025-02-26 11:55:55,696 [INFO] IPUIPlugin:80 - create IPUIPlugin
2025-02-26 11:55:55,696 [INFO] PluginManager:220 - loadIPPluginJar : add aes
2025-02-26 11:55:55,697 [INFO] IPUIPlugin:80 - create IPUIPlugin
2025-02-26 11:55:55,698 [INFO] PluginManager:220 - loadIPPluginJar : add can
2025-02-26 11:55:55,699 [INFO] IPUIPlugin:80 - create IPUIPlugin
2025-02-26 11:55:55,699 [INFO] PluginManager:220 - loadIPPluginJar : add comp
2025-02-26 11:55:55,701 [INFO] IPUIPlugin:80 - create IPUIPlugin
2025-02-26 11:55:55,701 [INFO] PluginManager:220 - loadIPPluginJar : add cryp
2025-02-26 11:55:55,702 [INFO] IPUIPlugin:80 - create IPUIPlugin
2025-02-26 11:55:55,703 [INFO] PluginManager:220 - loadIPPluginJar : add ddr_ctrl_phy
2025-02-26 11:55:55,704 [INFO] IPUIPlugin:80 - create IPUIPlugin
2025-02-26 11:55:55,704 [INFO] PluginManager:220 - loadIPPluginJar : add dfsdm
2025-02-26 11:55:55,709 [INFO] IPUIPlugin:80 - create IPUIPlugin
2025-02-26 11:55:55,710 [INFO] PluginManager:220 - loadIPPluginJar : add dma
2025-02-26 11:55:55,712 [INFO] IPUIPlugin:80 - create IPUIPlugin
2025-02-26 11:55:55,712 [INFO] PluginManager:220 - loadIPPluginJar : add dma3
2025-02-26 11:55:55,714 [INFO] IPUIPlugin:80 - create IPUIPlugin
2025-02-26 11:55:55,714 [INFO] PluginManager:220 - loadIPPluginJar : add extmemmanager
2025-02-26 11:55:55,715 [INFO] IPUIPlugin:80 - create IPUIPlugin
2025-02-26 11:55:55,715 [INFO] PluginManager:220 - loadIPPluginJar : add fatfs
2025-02-26 11:55:55,718 [INFO] IPUIPlugin:80 - create IPUIPlugin
2025-02-26 11:55:55,718 [INFO] PluginManager:220 - loadIPPluginJar : add fmc
2025-02-26 11:55:55,722 [INFO] IPUIPlugin:80 - create IPUIPlugin
2025-02-26 11:55:55,722 [INFO] PluginManager:220 - loadIPPluginJar : add freertos
2025-02-26 11:55:55,723 [INFO] IPUIPlugin:80 - create IPUIPlugin
2025-02-26 11:55:55,723 [INFO] PluginManager:220 - loadIPPluginJar : add genericplugin
2025-02-26 11:55:55,726 [INFO] IPUIPlugin:80 - create IPUIPlugin
2025-02-26 11:55:55,726 [INFO] PluginManager:220 - loadIPPluginJar : add gfxmmu
2025-02-26 11:55:55,729 [INFO] IPUIPlugin:80 - create IPUIPlugin
2025-02-26 11:55:55,729 [INFO] PluginManager:220 - loadIPPluginJar : add gic
2025-02-26 11:55:55,732 [INFO] IPUIPlugin:80 - create IPUIPlugin
2025-02-26 11:55:55,732 [INFO] PluginManager:220 - loadIPPluginJar : add gpio
2025-02-26 11:55:55,734 [INFO] IPUIPlugin:80 - create IPUIPlugin
2025-02-26 11:55:55,734 [INFO] PluginManager:220 - loadIPPluginJar : add gtzc
2025-02-26 11:55:55,736 [INFO] IPUIPlugin:80 - create IPUIPlugin
2025-02-26 11:55:55,736 [INFO] PluginManager:220 - loadIPPluginJar : add hash
2025-02-26 11:55:55,738 [INFO] IPUIPlugin:80 - create IPUIPlugin
2025-02-26 11:55:55,738 [INFO] PluginManager:220 - loadIPPluginJar : add i2c
2025-02-26 11:55:55,740 [INFO] IPUIPlugin:80 - create IPUIPlugin
2025-02-26 11:55:55,740 [INFO] PluginManager:220 - loadIPPluginJar : add i2s
2025-02-26 11:55:55,743 [INFO] IPUIPlugin:80 - create IPUIPlugin
2025-02-26 11:55:55,743 [INFO] PluginManager:220 - loadIPPluginJar : add i3c
2025-02-26 11:55:55,746 [INFO] IPUIPlugin:80 - create IPUIPlugin
2025-02-26 11:55:55,746 [INFO] PluginManager:220 - loadIPPluginJar : add ipddr
2025-02-26 11:55:55,751 [INFO] IPUIPlugin:80 - create IPUIPlugin
2025-02-26 11:55:55,751 [INFO] PluginManager:220 - loadIPPluginJar : add linkedlist
2025-02-26 11:55:55,757 [INFO] IPUIPlugin:80 - create IPUIPlugin
2025-02-26 11:55:55,757 [INFO] PluginManager:220 - loadIPPluginJar : add lorawan
2025-02-26 11:55:55,759 [INFO] IPUIPlugin:80 - create IPUIPlugin
2025-02-26 11:55:55,759 [INFO] PluginManager:220 - loadIPPluginJar : add ltdc
2025-02-26 11:55:55,763 [INFO] IPUIPlugin:80 - create IPUIPlugin
2025-02-26 11:55:55,764 [INFO] PluginManager:220 - loadIPPluginJar : add mdma
2025-02-26 11:55:55,766 [INFO] IPUIPlugin:80 - create IPUIPlugin
2025-02-26 11:55:55,766 [INFO] PluginManager:220 - loadIPPluginJar : add nvic
2025-02-26 11:55:55,768 [INFO] IPUIPlugin:80 - create IPUIPlugin
2025-02-26 11:55:55,769 [INFO] PluginManager:220 - loadIPPluginJar : add opamp
2025-02-26 11:55:55,770 [INFO] IPUIPlugin:80 - create IPUIPlugin
2025-02-26 11:55:55,770 [INFO] PluginManager:220 - loadIPPluginJar : add openamp
2025-02-26 11:55:55,772 [INFO] IPUIPlugin:80 - create IPUIPlugin
2025-02-26 11:55:55,772 [INFO] PluginManager:220 - loadIPPluginJar : add pdm2pcm
2025-02-26 11:55:55,777 [INFO] IPUIPlugin:80 - create IPUIPlugin
2025-02-26 11:55:55,779 [INFO] PluginManager:220 - loadIPPluginJar : add plateformsettings
2025-02-26 11:55:55,780 [INFO] IPUIPlugin:80 - create IPUIPlugin
2025-02-26 11:55:55,780 [INFO] PluginManager:220 - loadIPPluginJar : add quadspi
2025-02-26 11:55:55,782 [INFO] IPUIPlugin:80 - create IPUIPlugin
2025-02-26 11:55:55,782 [INFO] PluginManager:220 - loadIPPluginJar : add radio
2025-02-26 11:55:55,784 [INFO] IPUIPlugin:80 - create IPUIPlugin
2025-02-26 11:55:55,784 [INFO] PluginManager:220 - loadIPPluginJar : add resmgrutility
2025-02-26 11:55:55,787 [INFO] IPUIPlugin:80 - create IPUIPlugin
2025-02-26 11:55:55,787 [INFO] PluginManager:220 - loadIPPluginJar : add sai
2025-02-26 11:55:55,788 [INFO] IPUIPlugin:80 - create IPUIPlugin
2025-02-26 11:55:55,788 [INFO] PluginManager:220 - loadIPPluginJar : add spi
2025-02-26 11:55:55,792 [INFO] IPUIPlugin:80 - create IPUIPlugin
2025-02-26 11:55:55,792 [INFO] PluginManager:220 - loadIPPluginJar : add stm32_wpan
2025-02-26 11:55:55,794 [INFO] IPUIPlugin:80 - create IPUIPlugin
2025-02-26 11:55:55,794 [INFO] PluginManager:220 - loadIPPluginJar : add tim
2025-02-26 11:55:55,797 [INFO] IPUIPlugin:80 - create IPUIPlugin
2025-02-26 11:55:55,797 [INFO] PluginManager:220 - loadIPPluginJar : add touchsensing
2025-02-26 11:55:55,798 [INFO] IPUIPlugin:80 - create IPUIPlugin
2025-02-26 11:55:55,798 [INFO] PluginManager:220 - loadIPPluginJar : add tracer_emb
2025-02-26 11:55:55,799 [INFO] IPUIPlugin:80 - create IPUIPlugin
2025-02-26 11:55:55,800 [INFO] PluginManager:220 - loadIPPluginJar : add ts
2025-02-26 11:55:55,801 [INFO] IPUIPlugin:80 - create IPUIPlugin
2025-02-26 11:55:55,801 [INFO] PluginManager:220 - loadIPPluginJar : add tsc
2025-02-26 11:55:55,802 [INFO] IPUIPlugin:80 - create IPUIPlugin
2025-02-26 11:55:55,802 [INFO] PluginManager:220 - loadIPPluginJar : add ucpd
2025-02-26 11:55:55,804 [INFO] IPUIPlugin:80 - create IPUIPlugin
2025-02-26 11:55:55,804 [INFO] PluginManager:220 - loadIPPluginJar : add usart
2025-02-26 11:55:55,808 [INFO] IPUIPlugin:80 - create IPUIPlugin
2025-02-26 11:55:55,808 [INFO] PluginManager:220 - loadIPPluginJar : add usbx
2025-02-26 11:55:55,938 [FATAL] Updater:351 - Updater called before beeing initialized
2025-02-26 11:55:55,967 [INFO] RulesReader:64 - Compatibility file has been processed (297 Rules)
2025-02-26 11:55:55,983 [INFO] RulesReader:64 - Compatibility file has been processed (297 Rules)
2025-02-26 11:55:56,008 [INFO] CADModel:165 - CPN selected for project level
2025-02-26 11:55:56,008 [INFO] CADModel:114 - Register for checkConnection events
2025-02-26 11:55:56,009 [FATAL] Updater:351 - Updater called before beeing initialized
2025-02-26 11:55:56,009 [ERROR] CADModel:125 - Updater not yet initialized, retry later 
2025-02-26 11:55:56,181 [FATAL] Updater:351 - Updater called before beeing initialized
2025-02-26 11:55:56,182 [INFO] CADModel:165 - CPN selected for project level
2025-02-26 11:55:56,182 [INFO] CADModel:114 - Register for checkConnection events
2025-02-26 11:55:56,183 [FATAL] Updater:351 - Updater called before beeing initialized
2025-02-26 11:55:56,183 [ERROR] CADModel:125 - Updater not yet initialized, retry later 
2025-02-26 11:55:56,186 [FATAL] Updater:351 - Updater called before beeing initialized
2025-02-26 11:55:56,311 [FATAL] Updater:351 - Updater called before beeing initialized
2025-02-26 11:55:56,315 [INFO] DbMcusAds:53 - JSON generation date=Tue Dec 17 21:31:15 IST 2024 (1734451275111)
2025-02-26 11:55:56,315 [FATAL] Updater:351 - Updater called before beeing initialized
2025-02-26 11:55:56,349 [WARN] DetailPanel:346 - Failed to get advertising image, set to default
2025-02-26 11:55:56,597 [FATAL] Updater:351 - Updater called before beeing initialized
2025-02-26 11:55:56,599 [FATAL] Updater:351 - Updater called before beeing initialized
2025-02-26 11:55:56,599 [FATAL] Updater:351 - Updater called before beeing initialized
2025-02-26 11:55:56,599 [WARN] DetailPanel:346 - Failed to get advertising image, set to default
2025-02-26 11:55:56,601 [FATAL] Updater:351 - Updater called before beeing initialized
2025-02-26 11:55:56,660 [ERROR] Updater:1198 - MainUpdater not yet initialized. External WinMGr cannot be set.
2025-02-26 11:55:56,662 [INFO] Updater:1134 - Updater Version found : 6.13.0
2025-02-26 11:55:56,679 [INFO] ApplicationProperties:184 - Using Application install path: C:\ST\STM32CubeIDE_1.17.0\STM32CubeIDE\plugins\com.st.stm32cube.common.mx_6.13.0.202411220809
2025-02-26 11:55:57,651 [INFO] MainUpdater:2872 - connection check result : 10
2025-02-26 11:55:57,653 [INFO] MainUpdater:289 - Updater Check For Update Now.
2025-02-26 11:55:57,653 [INFO] MicroXplorer:498 - Change Database Version : DB.6.0.130
2025-02-26 11:55:57,661 [INFO] McuFinderGlobals:63 - Set McuFinder mode to 2 (CubeIDE integrated)
2025-02-26 11:55:57,663 [INFO] UserAuth:486 - Internet connection configuration mode: 1
2025-02-26 11:55:57,690 [INFO] JxBrowserEngine:152 - Initiate JxBrowser Engine with user profile folder
2025-02-26 11:55:57,860 [INFO] CheckServerUpdateThread:120 - End of CheckServer Thread
2025-02-26 11:55:58,358 [INFO] WebApp:168 - Instantiating new browser for Auth
2025-02-26 11:55:58,512 [WARN] PackLoader:240 - Cannot read IP mode file for STMicroelectronics.FP-SNS-MOTENVWB1.1.4.0
2025-02-26 11:55:58,533 [WARN] PackLoader:240 - Cannot read IP mode file for STMicroelectronics.X-CUBE-SMBUS.2.1.0
2025-02-26 11:55:58,549 [WARN] PackLoader:240 - Cannot read IP mode file for STMicroelectronics.X-CUBE-WB05N.1.1.0
2025-02-26 11:55:58,585 [WARN] PackLoader:240 - Cannot read IP mode file for STMicroelectronics.X-CUBE-AZRTOS-F7.1.1.0
2025-02-26 11:55:58,599 [WARN] PackLoader:240 - Cannot read IP mode file for STMicroelectronics.FP-SNS-FLIGHT1.5.0.2
2025-02-26 11:55:58,629 [WARN] PackLoader:240 - Cannot read IP mode file for Infineon.AIROC-Wi-Fi-Bluetooth-STM32.1.7.0
2025-02-26 11:55:58,644 [WARN] PackLoader:240 - Cannot read IP mode file for STMicroelectronics.X-CUBE-DISPLAY.3.0.0
2025-02-26 11:55:58,654 [WARN] PackLoader:240 - Cannot read IP mode file for STMicroelectronics.X-CUBE-BLE1.7.0.0
2025-02-26 11:55:58,663 [WARN] PackLoader:240 - Cannot read IP mode file for STMicroelectronics.X-CUBE-NFC10.1.0.0
2025-02-26 11:55:58,686 [WARN] PackLoader:240 - Cannot read IP mode file for STMicroelectronics.X-CUBE-BLEMGR.4.0.0
2025-02-26 11:55:58,699 [WARN] PackLoader:240 - Cannot read IP mode file for emotas.I-CUBE-CANOPEN.1.3.0
2025-02-26 11:55:58,704 [WARN] PackLoader:240 - Cannot read IP mode file for STMicroelectronics.X-CUBE-AI.10.0.0
2025-02-26 11:55:58,713 [WARN] PackLoader:240 - Cannot read IP mode file for STMicroelectronics.FP-SNS-SMARTAG2.1.2.0
2025-02-26 11:55:58,779 [WARN] PackLoader:240 - Cannot read IP mode file for STMicroelectronics.X-CUBE-MEMS1.11.1.0
2025-02-26 11:55:58,930 [INFO] LogOutputStream:77 - [STDOUT_REDIRECT] 1 : Invalid condition id : UX_CORESTACK_Condition cause : null
2025-02-26 11:55:58,931 [INFO] LogOutputStream:77 - [STDOUT_REDIRECT] 1 : Invalid condition id : UX_CORESTACK_Condition cause : null
2025-02-26 11:55:58,933 [INFO] LogOutputStream:77 - [STDOUT_REDIRECT] 1 : Invalid condition id : UX_CORESTACK_Condition cause : null
2025-02-26 11:55:58,936 [INFO] LogOutputStream:77 - [STDOUT_REDIRECT] 1 : Invalid condition id : UX_CORESTACK_Condition cause : null
2025-02-26 11:55:58,938 [INFO] LogOutputStream:77 - [STDOUT_REDIRECT] 1 : Invalid condition id : UX_CORESTACK_Condition cause : null
2025-02-26 11:55:58,946 [WARN] PackLoader:240 - Cannot read IP mode file for STMicroelectronics.X-CUBE-AZRTOS-WL.2.0.0
2025-02-26 11:55:58,953 [WARN] PackLoader:240 - Cannot read IP mode file for STMicroelectronics.FP-SNS-MOTENV1.5.0.0
2025-02-26 11:55:58,961 [WARN] PackLoader:240 - Cannot read IP mode file for wolfSSL.I-CUBE-wolfMQTT.1.19.0
2025-02-26 11:55:58,992 [WARN] PackLoader:240 - Cannot read IP mode file for WES.I-CUBE-Cesium.1.3.0
2025-02-26 11:55:59,000 [WARN] PackLoader:240 - Cannot read IP mode file for STMicroelectronics.X-CUBE-BLE2.3.3.0
2025-02-26 11:55:59,012 [WARN] PackLoader:240 - Cannot read IP mode file for STMicroelectronics.X-CUBE-NFC9.1.0.0
2025-02-26 11:55:59,028 [WARN] PackLoader:240 - Cannot read IP mode file for STMicroelectronics.X-CUBE-AZRTOS-G0.1.1.0
2025-02-26 11:55:59,035 [WARN] PackLoader:240 - Cannot read IP mode file for STMicroelectronics.X-CUBE-SAFEA1.1.2.2
2025-02-26 11:55:59,042 [WARN] PackLoader:240 - Cannot read IP mode file for STMicroelectronics.X-CUBE-NFC4.3.0.0
2025-02-26 11:55:59,050 [WARN] PackLoader:240 - Cannot read IP mode file for EmbeddedOffice.I-CUBE-FS-RTOS.1.0.1
2025-02-26 11:55:59,055 [WARN] PackLoader:240 - Cannot read IP mode file for STMicroelectronics.X-CUBE-TCPP.4.2.0
2025-02-26 11:55:59,063 [WARN] PackLoader:240 - Cannot read IP mode file for RealThread.X-CUBE-RT-Thread_Nano.4.1.1
2025-02-26 11:55:59,068 [WARN] PackLoader:240 - Cannot read IP mode file for STMicroelectronics.FP-ATR-SIGFOX1.3.2.0
2025-02-26 11:55:59,072 [WARN] ConditionMgr:438 - getConditionDescription Invalid condition id : Cortex-A Device cause : null
2025-02-26 11:55:59,089 [WARN] ConditionMgr:1044 - genDependencies : Invalid condition id : Cortex-A Device cause : null
2025-02-26 11:55:59,089 [WARN] ConditionMgr:1044 - genDependencies : Invalid condition id : Cortex-A Device cause : null
2025-02-26 11:55:59,089 [WARN] ConditionMgr:1044 - genDependencies : Invalid condition id : Cortex-A Device cause : null
2025-02-26 11:55:59,094 [WARN] PackLoader:240 - Cannot read IP mode file for STMicroelectronics.X-CUBE-EEPRMA1.5.1.0
2025-02-26 11:55:59,099 [WARN] PackLoader:240 - Cannot read IP mode file for wolfSSL.I-CUBE-wolfSSL.5.7.4
2025-02-26 11:55:59,103 [WARN] PackLoader:240 - Cannot read IP mode file for ITTIA_DB.I-CUBE-ITTIADB.8.9.0
2025-02-26 11:55:59,122 [WARN] PackLoader:240 - Cannot read IP mode file for SEGGER.I-CUBE-embOS.1.3.1
2025-02-26 11:55:59,155 [WARN] PackLoader:240 - Cannot read IP mode file for STMicroelectronics.X-CUBE-ALGOBUILD.1.4.0
2025-02-26 11:55:59,162 [WARN] PackLoader:240 - Cannot read IP mode file for STMicroelectronics.X-CUBE-AI.9.1.0
2025-02-26 11:55:59,174 [WARN] PackLoader:240 - Cannot read IP mode file for STMicroelectronics.X-CUBE-AZRTOS-F4.1.1.0
2025-02-26 11:55:59,181 [WARN] PackLoader:240 - Cannot read IP mode file for STMicroelectronics.X-CUBE-ISPU.2.1.0
2025-02-26 11:55:59,193 [WARN] PackLoader:240 - Cannot read IP mode file for STMicroelectronics.X-CUBE-AZRTOS-L5.2.0.0
2025-02-26 11:55:59,199 [WARN] PackLoader:240 - Cannot read IP mode file for STMicroelectronics.X-CUBE-NFC6.3.1.0
2025-02-26 11:55:59,205 [WARN] PackLoader:240 - Cannot read IP mode file for STMicroelectronics.X-CUBE-DPower.1.2.0
2025-02-26 11:55:59,211 [WARN] PackLoader:240 - Cannot read IP mode file for STMicroelectronics.X-CUBE-FREERTOS.1.3.0
2025-02-26 11:55:59,217 [WARN] PackLoader:240 - Cannot read IP mode file for STMicroelectronics.X-CUBE-NFC7.1.0.1
2025-02-26 11:55:59,237 [WARN] ConditionMgr:438 - getConditionDescription Invalid condition id : LAN8742 Phy interface Condition cause : null
2025-02-26 11:55:59,238 [WARN] PackLoader:240 - Cannot read IP mode file for STMicroelectronics.X-CUBE-AZRTOS-L4.2.0.0
2025-02-26 11:55:59,240 [WARN] ConditionMgr:1044 - genDependencies : Invalid condition id : LAN8742 Phy interface Condition cause : null
2025-02-26 11:55:59,241 [WARN] ConditionMgr:1044 - genDependencies : Invalid condition id : LAN8742 Phy interface Condition cause : null
2025-02-26 11:55:59,243 [WARN] ConditionMgr:1044 - genDependencies : Invalid condition id : LAN8742 Phy interface Condition cause : null
2025-02-26 11:55:59,253 [WARN] PackLoader:240 - Cannot read IP mode file for STMicroelectronics.X-CUBE-SFXS2LP1.4.0.0
2025-02-26 11:55:59,276 [WARN] PackLoader:240 - Cannot read IP mode file for STMicroelectronics.X-CUBE-AZRTOS-H7.3.3.0
2025-02-26 11:55:59,293 [WARN] ConditionMgr:438 - getConditionDescription Invalid condition id : UX DEVICE CLASS RTOS Condition cause : null
2025-02-26 11:55:59,294 [WARN] ConditionMgr:438 - getConditionDescription Invalid condition id : UX DEVICE CLASS RTOS Condition cause : null
2025-02-26 11:55:59,296 [WARN] PackLoader:240 - Cannot read IP mode file for STMicroelectronics.X-CUBE-AZRTOS-WB.2.0.0
2025-02-26 11:55:59,297 [WARN] ConditionMgr:1044 - genDependencies : Invalid condition id : UX DEVICE CLASS RTOS Condition cause : null
2025-02-26 11:55:59,297 [WARN] ConditionMgr:1044 - genDependencies : Invalid condition id : UX DEVICE CLASS RTOS Condition cause : null
2025-02-26 11:55:59,298 [WARN] ConditionMgr:1044 - genDependencies : Invalid condition id : UX DEVICE CLASS RTOS Condition cause : null
2025-02-26 11:55:59,298 [WARN] ConditionMgr:1044 - genDependencies : Invalid condition id : UX DEVICE CLASS RTOS Condition cause : null
2025-02-26 11:55:59,298 [WARN] ConditionMgr:1044 - genDependencies : Invalid condition id : UX DEVICE CLASS RTOS Condition cause : null
2025-02-26 11:55:59,306 [WARN] PackLoader:240 - Cannot read IP mode file for STMicroelectronics.X-CUBE-GNSS1.7.0.1
2025-02-26 11:55:59,318 [WARN] PackLoader:240 - Cannot read IP mode file for STMicroelectronics.FP-SNS-STBOX1.2.0.0
2025-02-26 11:55:59,331 [WARN] PackLoader:240 - Cannot read IP mode file for STMicroelectronics.X-CUBE-SUBG2.5.0.0
2025-02-26 11:55:59,338 [WARN] PackLoader:240 - Cannot read IP mode file for Cesanta.I-CUBE-Mongoose.7.13.0
2025-02-26 11:55:59,355 [WARN] PackLoader:240 - Cannot read IP mode file for STMicroelectronics.X-CUBE-AZRTOS-G4.2.0.0
2025-02-26 11:55:59,366 [WARN] PackLoader:240 - Cannot read IP mode file for STMicroelectronics.X-CUBE-IPS.3.1.0
2025-02-26 11:55:59,373 [WARN] PackLoader:240 - Cannot read IP mode file for STMicroelectronics.X-CUBE-ALS.1.0.2
2025-02-26 11:55:59,380 [WARN] PackLoader:240 - Cannot read IP mode file for STMicroelectronics.X-CUBE-TOUCHGFX.4.24.2
2025-02-26 11:55:59,383 [WARN] PackLoader:240 - Cannot read IP mode file for wolfSSL.I-CUBE-wolfTPM.3.4.0
2025-02-26 11:55:59,388 [WARN] PackLoader:240 - Cannot read IP mode file for portGmbH.I-Cube-SoM-uGOAL.1.1.0
2025-02-26 11:55:59,400 [WARN] PackLoader:240 - Cannot read IP mode file for STMicroelectronics.X-CUBE-AZRTOS-H7RS.1.0.0
2025-02-26 11:55:59,413 [WARN] PackLoader:240 - Cannot read IP mode file for STMicroelectronics.X-CUBE-TOF1.3.4.2
2025-02-26 11:55:59,422 [WARN] PackLoader:240 - Cannot read IP mode file for wolfSSL.I-CUBE-wolfSSH.1.4.17
2025-02-26 11:55:59,423 [INFO] ThirdParty:978 - Integrity check success = true
2025-02-26 11:55:59,423 [INFO] IntegrityCheckThread:100 - exiting critical section [integrity check]
2025-02-26 11:55:59,425 [INFO] IntegrityCheckThread:103 - End integrity checks thread
2025-02-26 11:55:59,767 [INFO] WebApp:449 - Apply proxy settings
2025-02-26 11:55:59,767 [INFO] WebApp:534 - Chromium requires no authentication
2025-02-26 11:55:59,775 [INFO] WebApp:477 - Direct internet connection detected
2025-02-26 11:55:59,804 [INFO] WebApp:880 - Register for checkConnection events
2025-02-26 11:55:59,805 [INFO] WebApp:449 - Apply proxy settings
2025-02-26 11:55:59,805 [INFO] WebApp:534 - Chromium requires no authentication
2025-02-26 11:55:59,806 [INFO] WebApp:477 - Direct internet connection detected
2025-02-26 11:55:59,972 [INFO] WebApp:221 - Starting web application
2025-02-26 11:55:59,972 [INFO] WebApp:579 - Web application path used C:\ST\STM32CubeIDE_1.17.0\STM32CubeIDE\plugins\com.st.stm32cube.common.mx_6.13.0.202411220809\db\plugins\mcufinder\reactClient1\index.html
2025-02-26 11:56:00,081 [INFO] UserAuth:486 - Internet connection configuration mode: 1
2025-02-26 11:56:01,537 [INFO] WebApp:187 - Connection restablished
2025-02-26 12:51:37,937 [INFO] WebApp:190 - Connection lost
2025-02-26 14:14:24,615 [INFO] WebApp:187 - Connection restablished
2025-02-26 14:14:24,619 [INFO] WebApp:190 - Connection lost
2025-02-26 14:14:25,071 [INFO] WebApp:187 - Connection restablished
2025-02-26 14:14:30,230 [INFO] WebApp:190 - Connection lost
2025-02-26 14:14:31,013 [INFO] WebApp:187 - Connection restablished
2025-02-26 15:14:13,237 [ERROR] LogOutputStream:75 - [STDERR_REDIRECT] 
